Logfile initialized
[INFO] logfile = /Users/thesargenator/Titanium/GDS/build.log
[DEBUG] /Users/thesargenator/Library/Application Support/Titanium/mobilesdk/osx/2.1.1.GA/android/builder.py distribute GDS /android-sdk-macosx /Users/thesargenator/Titanium/GDS com.gds.com /Users/thesargenator/Desktop/GDSAndroidKey 522561jh GDS /Users/thesargenator/Desktop 3
[INFO] Titanium SDK version: 2.1.1 (07/27/12 14:01 0fd84a2)
[INFO] Copying CommonJS modules...
[INFO] Copying project resources..
[INFO] Detected change in tiapp.xml, or assets deleted. Forcing full re-build...
[TRACE] COPYING CREATED FILE: /Users/thesargenator/Titanium/GDS/Resources/android/appicon.png => /Users/thesargenator/Titanium/GDS/build/android/bin/assets/Resources/appicon.png
[TRACE] COPYING CREATED FILE: /Users/thesargenator/Titanium/GDS/Resources/android/default.png => /Users/thesargenator/Titanium/GDS/build/android/bin/assets/Resources/default.png
[TRACE] COPYING CREATED FILE: /Users/thesargenator/Titanium/GDS/Resources/android/platform/AndroidManifest.xml => /Users/thesargenator/Titanium/GDS/build/android/bin/assets/Resources/platform/AndroidManifest.xml
[TRACE] COPYING CREATED FILE: /Users/thesargenator/Titanium/GDS/Resources/app.js => /Users/thesargenator/Titanium/GDS/build/android/bin/assets/Resources/app.js
[TRACE] COPYING CREATED FILE: /Users/thesargenator/Titanium/GDS/Resources/gds_email.png => /Users/thesargenator/Titanium/GDS/build/android/bin/assets/Resources/gds_email.png
[TRACE] COPYING CREATED FILE: /Users/thesargenator/Titanium/GDS/Resources/gds_email@2x.png => /Users/thesargenator/Titanium/GDS/build/android/bin/assets/Resources/gds_email@2x.png
[TRACE] COPYING CREATED FILE: /Users/thesargenator/Titanium/GDS/Resources/gds_listen.png => /Users/thesargenator/Titanium/GDS/build/android/bin/assets/Resources/gds_listen.png
[TRACE] COPYING CREATED FILE: /Users/thesargenator/Titanium/GDS/Resources/gds_listen_2.png => /Users/thesargenator/Titanium/GDS/build/android/bin/assets/Resources/gds_listen_2.png
[TRACE] COPYING CREATED FILE: /Users/thesargenator/Titanium/GDS/Resources/gds_listen_2@2x.png => /Users/thesargenator/Titanium/GDS/build/android/bin/assets/Resources/gds_listen_2@2x.png
[TRACE] COPYING CREATED FILE: /Users/thesargenator/Titanium/GDS/Resources/gds_rss.png => /Users/thesargenator/Titanium/GDS/build/android/bin/assets/Resources/gds_rss.png
[TRACE] COPYING CREATED FILE: /Users/thesargenator/Titanium/GDS/Resources/gds_rss@2x.png => /Users/thesargenator/Titanium/GDS/build/android/bin/assets/Resources/gds_rss@2x.png
[TRACE] COPYING CREATED FILE: /Users/thesargenator/Titanium/GDS/Resources/gds_twitter.png => /Users/thesargenator/Titanium/GDS/build/android/bin/assets/Resources/gds_twitter.png
[TRACE] COPYING CREATED FILE: /Users/thesargenator/Titanium/GDS/Resources/gds_twitter@2x.png => /Users/thesargenator/Titanium/GDS/build/android/bin/assets/Resources/gds_twitter@2x.png
[TRACE] COPYING CREATED FILE: /Users/thesargenator/Titanium/GDS/Resources/images/Arrow.png => /Users/thesargenator/Titanium/GDS/build/android/bin/assets/Resources/images/Arrow.png
[TRACE] COPYING CREATED FILE: /Users/thesargenator/Titanium/GDS/Resources/images/Arrow@2x.png => /Users/thesargenator/Titanium/GDS/build/android/bin/assets/Resources/images/Arrow@2x.png
[TRACE] COPYING CREATED FILE: /Users/thesargenator/Titanium/GDS/Resources/images/background.png => /Users/thesargenator/Titanium/GDS/build/android/bin/assets/Resources/images/background.png
[TRACE] COPYING CREATED FILE: /Users/thesargenator/Titanium/GDS/Resources/images/background@2x.png => /Users/thesargenator/Titanium/GDS/build/android/bin/assets/Resources/images/background@2x.png
[TRACE] COPYING CREATED FILE: /Users/thesargenator/Titanium/GDS/Resources/images/fb_.png => /Users/thesargenator/Titanium/GDS/build/android/bin/assets/Resources/images/fb_.png
[TRACE] COPYING CREATED FILE: /Users/thesargenator/Titanium/GDS/Resources/images/fb_@2x.png => /Users/thesargenator/Titanium/GDS/build/android/bin/assets/Resources/images/fb_@2x.png
[TRACE] COPYING CREATED FILE: /Users/thesargenator/Titanium/GDS/Resources/images/GDS_APP_HEADER.png => /Users/thesargenator/Titanium/GDS/build/android/bin/assets/Resources/images/GDS_APP_HEADER.png
[TRACE] COPYING CREATED FILE: /Users/thesargenator/Titanium/GDS/Resources/images/GDS_APP_HEADER@2x.png => /Users/thesargenator/Titanium/GDS/build/android/bin/assets/Resources/images/GDS_APP_HEADER@2x.png
[TRACE] COPYING CREATED FILE: /Users/thesargenator/Titanium/GDS/Resources/images/gds_iPad_blankgreen.png => /Users/thesargenator/Titanium/GDS/build/android/bin/assets/Resources/images/gds_iPad_blankgreen.png
[TRACE] COPYING CREATED FILE: /Users/thesargenator/Titanium/GDS/Resources/images/gds_iPad_blankgreen@2x.png => /Users/thesargenator/Titanium/GDS/build/android/bin/assets/Resources/images/gds_iPad_blankgreen@2x.png
[TRACE] COPYING CREATED FILE: /Users/thesargenator/Titanium/GDS/Resources/images/gds_iPad_emailus.png => /Users/thesargenator/Titanium/GDS/build/android/bin/assets/Resources/images/gds_iPad_emailus.png
[TRACE] COPYING CREATED FILE: /Users/thesargenator/Titanium/GDS/Resources/images/gds_iPad_emailus@2x.png => /Users/thesargenator/Titanium/GDS/build/android/bin/assets/Resources/images/gds_iPad_emailus@2x.png
[TRACE] COPYING CREATED FILE: /Users/thesargenator/Titanium/GDS/Resources/images/gds_iPad_HEADER.png => /Users/thesargenator/Titanium/GDS/build/android/bin/assets/Resources/images/gds_iPad_HEADER.png
[TRACE] COPYING CREATED FILE: /Users/thesargenator/Titanium/GDS/Resources/images/gds_iPad_HEADER@2x.png => /Users/thesargenator/Titanium/GDS/build/android/bin/assets/Resources/images/gds_iPad_HEADER@2x.png
[TRACE] COPYING CREATED FILE: /Users/thesargenator/Titanium/GDS/Resources/images/gds_iPad_news.png => /Users/thesargenator/Titanium/GDS/build/android/bin/assets/Resources/images/gds_iPad_news.png
[TRACE] COPYING CREATED FILE: /Users/thesargenator/Titanium/GDS/Resources/images/gds_iPad_news@2x.png => /Users/thesargenator/Titanium/GDS/build/android/bin/assets/Resources/images/gds_iPad_news@2x.png
[TRACE] COPYING CREATED FILE: /Users/thesargenator/Titanium/GDS/Resources/images/gds_iPad_shows.png => /Users/thesargenator/Titanium/GDS/build/android/bin/assets/Resources/images/gds_iPad_shows.png
[TRACE] COPYING CREATED FILE: /Users/thesargenator/Titanium/GDS/Resources/images/gds_iPad_shows@2x.png => /Users/thesargenator/Titanium/GDS/build/android/bin/assets/Resources/images/gds_iPad_shows@2x.png
[TRACE] COPYING CREATED FILE: /Users/thesargenator/Titanium/GDS/Resources/images/gds_iPad_twitter.png => /Users/thesargenator/Titanium/GDS/build/android/bin/assets/Resources/images/gds_iPad_twitter.png
[TRACE] COPYING CREATED FILE: /Users/thesargenator/Titanium/GDS/Resources/images/gds_iPad_twitter@2x.png => /Users/thesargenator/Titanium/GDS/build/android/bin/assets/Resources/images/gds_iPad_twitter@2x.png
[TRACE] COPYING CREATED FILE: /Users/thesargenator/Titanium/GDS/Resources/images/key_play_pause.png => /Users/thesargenator/Titanium/GDS/build/android/bin/assets/Resources/images/key_play_pause.png
[TRACE] COPYING CREATED FILE: /Users/thesargenator/Titanium/GDS/Resources/images/NAV_Header_BLANK.png => /Users/thesargenator/Titanium/GDS/build/android/bin/assets/Resources/images/NAV_Header_BLANK.png
[TRACE] COPYING CREATED FILE: /Users/thesargenator/Titanium/GDS/Resources/images/NAV_Header_BLANK@2x.png => /Users/thesargenator/Titanium/GDS/build/android/bin/assets/Resources/images/NAV_Header_BLANK@2x.png
[TRACE] COPYING CREATED FILE: /Users/thesargenator/Titanium/GDS/Resources/images/NAV_Header_EMAIL.png => /Users/thesargenator/Titanium/GDS/build/android/bin/assets/Resources/images/NAV_Header_EMAIL.png
[TRACE] COPYING CREATED FILE: /Users/thesargenator/Titanium/GDS/Resources/images/NAV_Header_EMAIL@2x.png => /Users/thesargenator/Titanium/GDS/build/android/bin/assets/Resources/images/NAV_Header_EMAIL@2x.png
[TRACE] COPYING CREATED FILE: /Users/thesargenator/Titanium/GDS/Resources/images/NAV_Header_NEWS.png => /Users/thesargenator/Titanium/GDS/build/android/bin/assets/Resources/images/NAV_Header_NEWS.png
[TRACE] COPYING CREATED FILE: /Users/thesargenator/Titanium/GDS/Resources/images/NAV_Header_NEWS@2x.png => /Users/thesargenator/Titanium/GDS/build/android/bin/assets/Resources/images/NAV_Header_NEWS@2x.png
[TRACE] COPYING CREATED FILE: /Users/thesargenator/Titanium/GDS/Resources/images/NAV_Header_SHOWS.png => /Users/thesargenator/Titanium/GDS/build/android/bin/assets/Resources/images/NAV_Header_SHOWS.png
[TRACE] COPYING CREATED FILE: /Users/thesargenator/Titanium/GDS/Resources/images/NAV_Header_SHOWS@2x.png => /Users/thesargenator/Titanium/GDS/build/android/bin/assets/Resources/images/NAV_Header_SHOWS@2x.png
[TRACE] COPYING CREATED FILE: /Users/thesargenator/Titanium/GDS/Resources/images/NAV_Header_TWITTER.png => /Users/thesargenator/Titanium/GDS/build/android/bin/assets/Resources/images/NAV_Header_TWITTER.png
[TRACE] COPYING CREATED FILE: /Users/thesargenator/Titanium/GDS/Resources/images/NAV_Header_TWITTER@2x.png => /Users/thesargenator/Titanium/GDS/build/android/bin/assets/Resources/images/NAV_Header_TWITTER@2x.png
[TRACE] COPYING CREATED FILE: /Users/thesargenator/Titanium/GDS/Resources/images/twit_.png => /Users/thesargenator/Titanium/GDS/build/android/bin/assets/Resources/images/twit_.png
[TRACE] COPYING CREATED FILE: /Users/thesargenator/Titanium/GDS/Resources/images/twit_@2x.png => /Users/thesargenator/Titanium/GDS/build/android/bin/assets/Resources/images/twit_@2x.png
[TRACE] COPYING CREATED FILE: /Users/thesargenator/Titanium/GDS/Resources/KS_nav_ui.png => /Users/thesargenator/Titanium/GDS/build/android/bin/assets/Resources/KS_nav_ui.png
[TRACE] COPYING CREATED FILE: /Users/thesargenator/Titanium/GDS/Resources/KS_nav_views.png => /Users/thesargenator/Titanium/GDS/build/android/bin/assets/Resources/KS_nav_views.png
[TRACE] COPYING CREATED FILE: /Users/thesargenator/Titanium/GDS/Resources/main_windows/gdsAudio.js => /Users/thesargenator/Titanium/GDS/build/android/bin/assets/Resources/main_windows/gdsAudio.js
[TRACE] COPYING CREATED FILE: /Users/thesargenator/Titanium/GDS/Resources/main_windows/gdsAudioPlayer.js => /Users/thesargenator/Titanium/GDS/build/android/bin/assets/Resources/main_windows/gdsAudioPlayer.js
[TRACE] COPYING CREATED FILE: /Users/thesargenator/Titanium/GDS/Resources/main_windows/gdsEmail.js => /Users/thesargenator/Titanium/GDS/build/android/bin/assets/Resources/main_windows/gdsEmail.js
[TRACE] COPYING CREATED FILE: /Users/thesargenator/Titanium/GDS/Resources/main_windows/gdsNews.js => /Users/thesargenator/Titanium/GDS/build/android/bin/assets/Resources/main_windows/gdsNews.js
[TRACE] COPYING CREATED FILE: /Users/thesargenator/Titanium/GDS/Resources/main_windows/gdsNewsView.js => /Users/thesargenator/Titanium/GDS/build/android/bin/assets/Resources/main_windows/gdsNewsView.js
[TRACE] COPYING CREATED FILE: /Users/thesargenator/Titanium/GDS/Resources/main_windows/gdsTwitter.js => /Users/thesargenator/Titanium/GDS/build/android/bin/assets/Resources/main_windows/gdsTwitter.js
[TRACE] COPYING CREATED FILE: /Users/thesargenator/Titanium/GDS/Resources/main_windows/gdsViewTweet.js => /Users/thesargenator/Titanium/GDS/build/android/bin/assets/Resources/main_windows/gdsViewTweet.js
[TRACE] Generating Java Classes
[DEBUG] Processing Android resource drawables
[DEBUG] app stylesheet => /Users/thesargenator/Titanium/GDS/build/android/gen/com/gds/com/ApplicationStylesheet.java
[DEBUG] copying app icon: /Users/thesargenator/Titanium/GDS/build/android/bin/assets/Resources/appicon.png
[DEBUG] generating theme.xml
[DEBUG] found drawable-long-land-hdpi splash screen at /Users/thesargenator/Titanium/GDS/Resources/android/images/res-long-land-hdpi/default.png
[DEBUG] copying /Users/thesargenator/Titanium/GDS/Resources/android/images/res-long-land-hdpi/default.png splash screen to /Users/thesargenator/Titanium/GDS/build/android/res/drawable-long-land-hdpi/background.png
[DEBUG] found drawable-long-land-ldpi splash screen at /Users/thesargenator/Titanium/GDS/Resources/android/images/res-long-land-ldpi/default.png
[DEBUG] copying /Users/thesargenator/Titanium/GDS/Resources/android/images/res-long-land-ldpi/default.png splash screen to /Users/thesargenator/Titanium/GDS/build/android/res/drawable-long-land-ldpi/background.png
[DEBUG] found drawable-long-port-hdpi splash screen at /Users/thesargenator/Titanium/GDS/Resources/android/images/res-long-port-hdpi/default.png
[DEBUG] copying /Users/thesargenator/Titanium/GDS/Resources/android/images/res-long-port-hdpi/default.png splash screen to /Users/thesargenator/Titanium/GDS/build/android/res/drawable-long-port-hdpi/background.png
[DEBUG] found drawable-long-port-ldpi splash screen at /Users/thesargenator/Titanium/GDS/Resources/android/images/res-long-port-ldpi/default.png
[DEBUG] copying /Users/thesargenator/Titanium/GDS/Resources/android/images/res-long-port-ldpi/default.png splash screen to /Users/thesargenator/Titanium/GDS/build/android/res/drawable-long-port-ldpi/background.png
[DEBUG] found drawable-notlong-land-hdpi splash screen at /Users/thesargenator/Titanium/GDS/Resources/android/images/res-notlong-land-hdpi/default.png
[DEBUG] copying /Users/thesargenator/Titanium/GDS/Resources/android/images/res-notlong-land-hdpi/default.png splash screen to /Users/thesargenator/Titanium/GDS/build/android/res/drawable-notlong-land-hdpi/background.png
[DEBUG] found drawable-notlong-land-ldpi splash screen at /Users/thesargenator/Titanium/GDS/Resources/android/images/res-notlong-land-ldpi/default.png
[DEBUG] copying /Users/thesargenator/Titanium/GDS/Resources/android/images/res-notlong-land-ldpi/default.png splash screen to /Users/thesargenator/Titanium/GDS/build/android/res/drawable-notlong-land-ldpi/background.png
[DEBUG] found drawable-notlong-land-mdpi splash screen at /Users/thesargenator/Titanium/GDS/Resources/android/images/res-notlong-land-mdpi/default.png
[DEBUG] copying /Users/thesargenator/Titanium/GDS/Resources/android/images/res-notlong-land-mdpi/default.png splash screen to /Users/thesargenator/Titanium/GDS/build/android/res/drawable-notlong-land-mdpi/background.png
[DEBUG] found drawable-notlong-port-hdpi splash screen at /Users/thesargenator/Titanium/GDS/Resources/android/images/res-notlong-port-hdpi/default.png
[DEBUG] copying /Users/thesargenator/Titanium/GDS/Resources/android/images/res-notlong-port-hdpi/default.png splash screen to /Users/thesargenator/Titanium/GDS/build/android/res/drawable-notlong-port-hdpi/background.png
[DEBUG] found drawable-notlong-port-ldpi splash screen at /Users/thesargenator/Titanium/GDS/Resources/android/images/res-notlong-port-ldpi/default.png
[DEBUG] copying /Users/thesargenator/Titanium/GDS/Resources/android/images/res-notlong-port-ldpi/default.png splash screen to /Users/thesargenator/Titanium/GDS/build/android/res/drawable-notlong-port-ldpi/background.png
[DEBUG] found drawable-notlong-port-mdpi splash screen at /Users/thesargenator/Titanium/GDS/Resources/android/images/res-notlong-port-mdpi/default.png
[DEBUG] copying /Users/thesargenator/Titanium/GDS/Resources/android/images/res-notlong-port-mdpi/default.png splash screen to /Users/thesargenator/Titanium/GDS/build/android/res/drawable-notlong-port-mdpi/background.png
[DEBUG] found splash screen at /Users/thesargenator/Titanium/GDS/build/android/bin/assets/Resources/default.png
[TRACE] Writing out AndroidManifest.xml
[DEBUG] adding /Users/thesargenator/Titanium/GDS/build/android/gen/com/gds/com/ApplicationStylesheet.java to javac build list
[DEBUG] adding /Users/thesargenator/Titanium/GDS/build/android/gen/com/gds/com/AssetCryptImpl.java to javac build list
[DEBUG] adding /Users/thesargenator/Titanium/GDS/build/android/gen/com/gds/com/GdsActivity.java to javac build list
[DEBUG] adding /Users/thesargenator/Titanium/GDS/build/android/gen/com/gds/com/GdsAppInfo.java to javac build list
[DEBUG] adding /Users/thesargenator/Titanium/GDS/build/android/gen/com/gds/com/GdsApplication.java to javac build list
[DEBUG] adding /Users/thesargenator/Titanium/GDS/build/android/gen/com/gds/com/R.java to javac build list
[DEBUG] Building Java Sources: "/Users/thesargenator/Titanium/GDS/build/android/gen/com/gds/com/ApplicationStylesheet.java" "/Users/thesargenator/Titanium/GDS/build/android/gen/com/gds/com/AssetCryptImpl.java" "/Users/thesargenator/Titanium/GDS/build/android/gen/com/gds/com/GdsActivity.java" "/Users/thesargenator/Titanium/GDS/build/android/gen/com/gds/com/GdsAppInfo.java" "/Users/thesargenator/Titanium/GDS/build/android/gen/com/gds/com/GdsApplication.java" "/Users/thesargenator/Titanium/GDS/build/android/gen/com/gds/com/R.java"
[INFO] Compiling Android Resources... This could take some time
[DEBUG] Android classes.dex built
[DEBUG] creating unsigned apk: /Users/thesargenator/Titanium/GDS/build/android/bin/app-unsigned.apk
[DEBUG] from resource zip => assets/Resources/images/Arrow.png
[DEBUG] from resource zip => assets/Resources/images/Arrow@2x.png
[DEBUG] from resource zip => assets/Resources/images/GDS_APP_HEADER.png
[DEBUG] from resource zip => assets/Resources/images/GDS_APP_HEADER@2x.png
[DEBUG] from resource zip => assets/Resources/images/NAV_Header_BLANK.png
[DEBUG] from resource zip => assets/Resources/images/NAV_Header_BLANK@2x.png
[DEBUG] from resource zip => assets/Resources/images/NAV_Header_EMAIL.png
[DEBUG] from resource zip => assets/Resources/images/NAV_Header_EMAIL@2x.png
[DEBUG] from resource zip => assets/Resources/images/NAV_Header_NEWS.png
[DEBUG] from resource zip => assets/Resources/images/NAV_Header_NEWS@2x.png
[DEBUG] from resource zip => assets/Resources/images/NAV_Header_SHOWS.png
[DEBUG] from resource zip => assets/Resources/images/NAV_Header_SHOWS@2x.png
[DEBUG] from resource zip => assets/Resources/images/NAV_Header_TWITTER.png
[DEBUG] from resource zip => assets/Resources/images/NAV_Header_TWITTER@2x.png
[DEBUG] from resource zip => assets/Resources/images/background.png
[DEBUG] from resource zip => assets/Resources/images/background@2x.png
[DEBUG] from resource zip => assets/Resources/images/fb_.png
[DEBUG] from resource zip => assets/Resources/images/fb_@2x.png
[DEBUG] from resource zip => assets/Resources/images/gds_iPad_HEADER.png
[DEBUG] from resource zip => assets/Resources/images/gds_iPad_HEADER@2x.png
[DEBUG] from resource zip => assets/Resources/images/gds_iPad_blankgreen.png
[DEBUG] from resource zip => assets/Resources/images/gds_iPad_blankgreen@2x.png
[DEBUG] from resource zip => assets/Resources/images/gds_iPad_emailus.png
[DEBUG] from resource zip => assets/Resources/images/gds_iPad_emailus@2x.png
[DEBUG] from resource zip => assets/Resources/images/gds_iPad_news.png
[DEBUG] from resource zip => assets/Resources/images/gds_iPad_news@2x.png
[DEBUG] from resource zip => assets/Resources/images/gds_iPad_shows.png
[DEBUG] from resource zip => assets/Resources/images/gds_iPad_shows@2x.png
[DEBUG] from resource zip => assets/Resources/images/gds_iPad_twitter.png
[DEBUG] from resource zip => assets/Resources/images/gds_iPad_twitter@2x.png
[DEBUG] from resource zip => assets/Resources/images/key_play_pause.png
[DEBUG] from resource zip => assets/Resources/images/twit_.png
[DEBUG] from resource zip => assets/Resources/images/twit_@2x.png
[DEBUG] from resource zip => assets/Resources/platform/AndroidManifest.xml
[DEBUG] from resource zip => assets/Resources/KS_nav_ui.png
[DEBUG] from resource zip => assets/Resources/KS_nav_views.png
[DEBUG] from resource zip => assets/Resources/appicon.png
[DEBUG] from resource zip => assets/Resources/default.png
[DEBUG] from resource zip => assets/Resources/gds_email.png
[DEBUG] from resource zip => assets/Resources/gds_email@2x.png
[DEBUG] from resource zip => assets/Resources/gds_listen.png
[DEBUG] from resource zip => assets/Resources/gds_listen_2.png
[DEBUG] from resource zip => assets/Resources/gds_listen_2@2x.png
[DEBUG] from resource zip => assets/Resources/gds_rss.png
[DEBUG] from resource zip => assets/Resources/gds_rss@2x.png
[DEBUG] from resource zip => assets/Resources/gds_twitter.png
[DEBUG] from resource zip => assets/Resources/gds_twitter@2x.png
[DEBUG] from resource zip => assets/app.json
[DEBUG] from resource zip => assets/index.json
[DEBUG] from resource zip => assets/tiapp.xml
[DEBUG] from resource zip => res/drawable/appicon.png
[DEBUG] from resource zip => res/drawable/background.png
[DEBUG] from resource zip => res/drawable/close.png
[DEBUG] from resource zip => res/drawable/facebook_login.png
[DEBUG] from resource zip => res/drawable/facebook_login_down.png
[DEBUG] from resource zip => res/drawable/facebook_login_wide.png
[DEBUG] from resource zip => res/drawable/facebook_login_wide_down.png
[DEBUG] from resource zip => res/drawable/facebook_logout.png
[DEBUG] from resource zip => res/drawable/facebook_logout_down.png
[DEBUG] from resource zip => res/layout/titanium_tabgroup.xml
[DEBUG] from resource zip => AndroidManifest.xml
[DEBUG] from resource zip => resources.arsc
[DEBUG] from resource zip => res/drawable-hdpi/close.png
[DEBUG] from resource zip => res/drawable-ldpi/close.png
[DEBUG] from resource zip => res/drawable-long-land-hdpi/background.png
[DEBUG] from resource zip => res/drawable-long-land-ldpi/background.png
[DEBUG] from resource zip => res/drawable-long-port-hdpi/background.png
[DEBUG] from resource zip => res/drawable-long-port-ldpi/background.png
[DEBUG] from resource zip => res/drawable-notlong-land-hdpi/background.png
[DEBUG] from resource zip => res/drawable-notlong-land-ldpi/background.png
[DEBUG] from resource zip => res/drawable-notlong-land-mdpi/background.png
[DEBUG] from resource zip => res/drawable-notlong-port-hdpi/background.png
[DEBUG] from resource zip => res/drawable-notlong-port-ldpi/background.png
[DEBUG] from resource zip => res/drawable-notlong-port-mdpi/background.png
[DEBUG] from JAR /Users/thesargenator/Library/Application Support/Titanium/mobilesdk/osx/2.1.1.GA/android/titanium.jar => org/appcelerator/titanium/build.properties
[DEBUG] from JAR /Users/thesargenator/Library/Application Support/Titanium/mobilesdk/osx/2.1.1.GA/android/titanium.jar => org/appcelerator/titanium/res/drawable/background.png
[DEBUG] from JAR /Users/thesargenator/Library/Application Support/Titanium/mobilesdk/osx/2.1.1.GA/android/titanium.jar => org/appcelerator/titanium/res/drawable/btn_check_buttonless_on.png
[DEBUG] from JAR /Users/thesargenator/Library/Application Support/Titanium/mobilesdk/osx/2.1.1.GA/android/titanium.jar => org/appcelerator/titanium/res/drawable/btn_check_buttonless_on_18.png
[DEBUG] from JAR /Users/thesargenator/Library/Application Support/Titanium/mobilesdk/osx/2.1.1.GA/android/titanium.jar => org/appcelerator/titanium/res/drawable/btn_check_buttonless_on_48.png
[DEBUG] from JAR /Users/thesargenator/Library/Application Support/Titanium/mobilesdk/osx/2.1.1.GA/android/titanium.jar => org/appcelerator/titanium/res/drawable/btn_more.png
[DEBUG] from JAR /Users/thesargenator/Library/Application Support/Titanium/mobilesdk/osx/2.1.1.GA/android/titanium.jar => org/appcelerator/titanium/res/drawable/btn_more_18.png
[DEBUG] from JAR /Users/thesargenator/Library/Application Support/Titanium/mobilesdk/osx/2.1.1.GA/android/titanium.jar => org/appcelerator/titanium/res/drawable/btn_more_48.png
[DEBUG] from JAR /Users/thesargenator/Library/Application Support/Titanium/mobilesdk/osx/2.1.1.GA/android/titanium.jar => org/appcelerator/titanium/res/drawable/btn_picker_normal.9.png
[DEBUG] from JAR /Users/thesargenator/Library/Application Support/Titanium/mobilesdk/osx/2.1.1.GA/android/titanium.jar => org/appcelerator/titanium/res/drawable/btn_picker_pressed.9.png
[DEBUG] from JAR /Users/thesargenator/Library/Application Support/Titanium/mobilesdk/osx/2.1.1.GA/android/titanium.jar => org/appcelerator/titanium/res/drawable/btn_picker_selected.9.png
[DEBUG] from JAR /Users/thesargenator/Library/Application Support/Titanium/mobilesdk/osx/2.1.1.GA/android/titanium.jar => org/appcelerator/titanium/res/drawable/default_icon.png
[DEBUG] from JAR /Users/thesargenator/Library/Application Support/Titanium/mobilesdk/osx/2.1.1.GA/android/titanium.jar => org/appcelerator/titanium/res/drawable/photoDefault.png
[DEBUG] from JAR /Users/thesargenator/Library/Application Support/Titanium/mobilesdk/osx/2.1.1.GA/android/modules/titanium-ui.jar => ti/modules/titanium/ui/widget/webview/binding.js
[DEBUG] from JAR /Users/thesargenator/Library/Application Support/Titanium/mobilesdk/osx/2.1.1.GA/android/modules/titanium-ui.jar => ti/modules/titanium/ui/widget/webview/binding.min.js
[DEBUG] from JAR /Users/thesargenator/Library/Application Support/Titanium/mobilesdk/osx/2.1.1.GA/android/modules/titanium-ui.jar => ti/modules/titanium/ui/widget/webview/json2.js
[DEBUG] from JAR /Users/thesargenator/Library/Application Support/Titanium/mobilesdk/osx/2.1.1.GA/android/modules/titanium-ui.jar => ti/modules/titanium/ui/widget/webview/polling.js
[DEBUG] from JAR /Users/thesargenator/Library/Application Support/Titanium/mobilesdk/osx/2.1.1.GA/android/modules/titanium-ui.jar => ti/modules/titanium/ui/widget/webview/polling.min.js
[DEBUG] from JAR /Users/thesargenator/Library/Application Support/Titanium/mobilesdk/osx/2.1.1.GA/android/thirdparty.jar => org/apache/Commons-NOTICE.txt
[DEBUG] from JAR /Users/thesargenator/Library/Application Support/Titanium/mobilesdk/osx/2.1.1.GA/android/thirdparty.jar => org/apache/HttpComponents-NOTICE.txt
[DEBUG] from JAR /Users/thesargenator/Library/Application Support/Titanium/mobilesdk/osx/2.1.1.GA/android/thirdparty.jar => org/apache/mime4j-NOTICE.txt
[DEBUG] from JAR /Users/thesargenator/Library/Application Support/Titanium/mobilesdk/osx/2.1.1.GA/android/modules/titanium-facebook.jar => ti/modules/titanium/facebook/LICENSE
[DEBUG] installing native lib: /Users/thesargenator/Library/Application Support/Titanium/modules/android/ti.cloudpush/2.0.5/libs/armeabi/libti.cloudpush.so
[DEBUG] installing native lib: /Users/thesargenator/Library/Application Support/Titanium/modules/android/ti.cloudpush/2.0.5/libs/armeabi-v7a/libti.cloudpush.so
[DEBUG] installing native SDK libs
